TN:
SF:src/client.ts
FN:23,GrandReservaClient
FN:28,performFetch
FN:50,buildSessionsEndpoint
FN:92,getSessionsForConference
FNF:4
FNH:1
FNDA:0,GrandReservaClient
FNDA:0,performFetch
FNDA:4,buildSessionsEndpoint
FNDA:0,getSessionsForConference
DA:1,1
DA:2,1
DA:3,1
DA:4,1
DA:5,1
DA:6,1
DA:7,1
DA:8,1
DA:9,1
DA:10,1
DA:11,1
DA:12,1
DA:13,1
DA:14,1
DA:15,1
DA:16,1
DA:17,1
DA:18,1
DA:19,1
DA:20,1
DA:21,1
DA:22,1
DA:23,1
DA:24,0
DA:25,0
DA:26,0
DA:27,1
DA:28,1
DA:29,0
DA:30,0
DA:31,0
DA:32,0
DA:33,0
DA:34,0
DA:35,0
DA:36,0
DA:37,0
DA:38,0
DA:39,0
DA:40,0
DA:41,0
DA:42,0
DA:43,0
DA:44,0
DA:45,0
DA:46,0
DA:47,0
DA:48,0
DA:49,1
DA:50,1
DA:51,4
DA:52,4
DA:53,4
DA:54,4
DA:55,4
DA:56,4
DA:57,4
DA:58,4
DA:59,4
DA:60,4
DA:61,1
DA:62,1
DA:63,4
DA:64,4
DA:65,1
DA:66,1
DA:67,4
DA:68,4
DA:69,1
DA:70,1
DA:71,4
DA:72,4
DA:73,1
DA:74,1
DA:75,4
DA:76,4
DA:77,4
DA:78,3
DA:79,3
DA:80,4
DA:81,4
DA:82,4
DA:83,1
DA:84,1
DA:85,1
DA:86,1
DA:87,1
DA:88,1
DA:89,1
DA:90,1
DA:91,1
DA:92,1
DA:93,0
DA:94,0
DA:95,0
DA:96,0
DA:97,0
DA:98,0
DA:99,0
DA:100,0
DA:101,0
DA:102,0
DA:103,1
LF:103
LH:70
BRDA:50,0,0,4
BRDA:60,1,0,1
BRDA:64,2,0,1
BRDA:68,3,0,1
BRDA:72,4,0,1
BRDA:72,5,0,1
BRDA:77,6,0,3
BRF:7
BRH:7
end_of_record
TN:
SF:src/utils.ts
FN:10,normalizeSessionsResponse
FNF:1
FNH:1
FNDA:1,normalizeSessionsResponse
DA:1,1
DA:2,1
DA:3,1
DA:4,1
DA:5,1
DA:6,1
DA:7,1
DA:8,1
DA:9,1
DA:10,1
DA:11,1
DA:12,1
DA:13,1
DA:14,1
DA:15,1
DA:16,1
DA:17,1
DA:18,1
DA:19,1
DA:20,1
DA:21,1
DA:22,1
DA:23,1
DA:24,105
DA:25,105
DA:26,105
DA:27,105
DA:28,105
DA:29,105
DA:30,105
DA:31,105
DA:32,105
DA:33,105
DA:34,105
DA:35,105
DA:36,105
DA:37,105
DA:38,105
DA:39,105
DA:40,105
DA:41,105
DA:42,105
DA:43,105
DA:44,105
DA:45,4
DA:46,4
DA:47,4
DA:48,4
DA:49,4
DA:50,4
DA:51,105
DA:52,105
DA:53,160
DA:54,160
DA:55,105
DA:56,105
DA:57,105
DA:58,105
DA:59,105
DA:60,105
DA:61,105
DA:62,105
DA:63,105
DA:64,105
DA:65,105
DA:66,105
DA:67,105
DA:68,105
DA:69,1303
DA:70,1303
DA:71,1303
DA:72,1303
DA:73,1303
DA:74,1303
DA:75,105
DA:76,105
DA:77,105
DA:78,105
DA:79,105
DA:80,210
DA:81,210
DA:82,210
DA:83,210
DA:84,2
DA:85,2
DA:86,2
DA:87,2
DA:88,210
DA:89,210
DA:90,210
DA:91,210
DA:92,210
DA:93,210
DA:94,210
DA:95,167
DA:96,167
DA:97,167
DA:98,167
DA:99,210
DA:100,105
DA:101,1
DA:102,1
DA:103,1
DA:104,1
LF:104
LH:104
BRDA:10,0,0,1
BRDA:23,1,0,105
BRDA:44,2,0,4
BRDA:52,3,0,160
BRDA:68,4,0,1303
BRDA:79,5,0,210
BRDA:83,6,0,2
BRDA:85,7,0,1
BRDA:86,8,0,1
BRDA:88,9,0,208
BRDA:94,10,0,167
BRDA:96,11,0,1
BRDA:97,12,0,144
BRDA:99,13,0,43
BRF:14
BRH:14
end_of_record
